{
  message: '\x1B[1m\x1B[4m\x1B[32mdb Connected successfully \x1B[39m\x1B[24m\x1B[22m',
  level: 'info',
  label: 'right meow!',
  timestamp: '2023-06-22T19:13:10.497Z'
}
{
  message: '\x1B[1m\x1B[32mserver app listening on port 5000\x1B[39m\x1B[22m',
  level: 'info',
  label: 'right meow!',
  timestamp: '2023-06-22T19:13:10.514Z'
}
{
  message: '\x1B[1m\x1B[4m\x1B[32mdb Connected successfully \x1B[39m\x1B[24m\x1B[22m',
  level: 'info',
  label: 'right meow!',
  timestamp: '2023-06-22T19:13:30.764Z'
}
{
  message: '\x1B[1m\x1B[32mserver app listening on port 5000\x1B[39m\x1B[22m',
  level: 'info',
  label: 'right meow!',
  timestamp: '2023-06-22T19:13:30.784Z'
}
{
  message: '\x1B[1m\x1B[4m\x1B[32mdb Connected successfully \x1B[39m\x1B[24m\x1B[22m',
  level: 'info',
  label: 'right meow!',
  timestamp: '2023-06-22T19:14:22.098Z'
}
{
  message: '\x1B[1m\x1B[32mserver app listening on port 5000\x1B[39m\x1B[22m',
  level: 'info',
  label: 'right meow!',
  timestamp: '2023-06-22T19:14:22.112Z'
}
{
  message: '\x1B[1m\x1B[4m\x1B[32mdb Connected successfully \x1B[39m\x1B[24m\x1B[22m',
  level: 'info',
  label: 'right meow!',
  timestamp: '2023-06-22T19:15:05.880Z'
}
{
  message: '\x1B[1m\x1B[32mserver app listening on port 5000\x1B[39m\x1B[22m',
  level: 'info',
  label: 'right meow!',
  timestamp: '2023-06-22T19:15:05.899Z'
}
{
  message: '\x1B[1m\x1B[4m\x1B[32mdb Connected successfully \x1B[39m\x1B[24m\x1B[22m',
  level: 'info',
  label: 'right meow!',
  timestamp: '2023-06-22T19:15:20.415Z'
}
{
  message: '\x1B[1m\x1B[32mserver app listening on port 5000\x1B[39m\x1B[22m',
  level: 'info',
  label: 'right meow!',
  timestamp: '2023-06-22T19:15:20.433Z'
}
{
  message: '\x1B[1m\x1B[4m\x1B[32mdb Connected successfully \x1B[39m\x1B[24m\x1B[22m',
  level: 'info',
  label: 'right meow!',
  timestamp: '2023-06-22T19:15:35.462Z'
}
{
  message: '\x1B[1m\x1B[32mserver app listening on port 5000\x1B[39m\x1B[22m',
  level: 'info',
  label: 'right meow!',
  timestamp: '2023-06-22T19:15:35.479Z'
}
{
  message: '\x1B[1m\x1B[4m\x1B[32mdb Connected successfully \x1B[39m\x1B[24m\x1B[22m',
  level: 'info',
  label: 'right meow!',
  timestamp: '2023-06-22T19:15:54.069Z'
}
{
  message: '\x1B[1m\x1B[32mserver app listening on port 5000\x1B[39m\x1B[22m',
  level: 'info',
  label: 'right meow!',
  timestamp: '2023-06-22T19:15:54.087Z'
}
{
  message: '\x1B[1m\x1B[4m\x1B[32mdb Connected successfully \x1B[39m\x1B[24m\x1B[22m',
  level: 'info',
  label: 'right meow!',
  timestamp: '2023-06-22T19:16:35.861Z'
}
{
  message: '\x1B[1m\x1B[32mserver app listening on port 5000\x1B[39m\x1B[22m',
  level: 'info',
  label: 'right meow!',
  timestamp: '2023-06-22T19:16:35.875Z'
}
{
  message: '\x1B[1m\x1B[4m\x1B[32mdb Connected successfully \x1B[39m\x1B[24m\x1B[22m',
  level: 'info',
  label: 'right meow!',
  timestamp: '2023-06-22T19:20:15.859Z'
}
{
  message: '\x1B[1m\x1B[32mserver app listening on port 5000\x1B[39m\x1B[22m',
  level: 'info',
  label: 'right meow!',
  timestamp: '2023-06-22T19:20:15.886Z'
}
{
  message: '\x1B[1m\x1B[4m\x1B[32mdb Connected successfully \x1B[39m\x1B[24m\x1B[22m',
  level: 'info',
  label: 'right meow!',
  timestamp: '2023-06-22T19:20:35.546Z'
}
{
  message: '\x1B[1m\x1B[32mserver app listening on port 5000\x1B[39m\x1B[22m',
  level: 'info',
  label: 'right meow!',
  timestamp: '2023-06-22T19:20:35.561Z'
}
{
  message: '\x1B[1m\x1B[4m\x1B[32mdb Connected successfully \x1B[39m\x1B[24m\x1B[22m',
  level: 'info',
  label: 'right meow!',
  timestamp: '2023-06-22T19:20:42.768Z'
}
{
  message: '\x1B[1m\x1B[32mserver app listening on port 5000\x1B[39m\x1B[22m',
  level: 'info',
  label: 'right meow!',
  timestamp: '2023-06-22T19:20:42.788Z'
}
{
  message: '\x1B[1m\x1B[4m\x1B[32mdb Connected successfully \x1B[39m\x1B[24m\x1B[22m',
  level: 'info',
  label: 'right meow!',
  timestamp: '2023-06-22T19:20:49.226Z'
}
{
  message: '\x1B[1m\x1B[32mserver app listening on port 5000\x1B[39m\x1B[22m',
  level: 'info',
  label: 'right meow!',
  timestamp: '2023-06-22T19:20:49.242Z'
}
{
  message: '\x1B[1m\x1B[4m\x1B[32mdb Connected successfully \x1B[39m\x1B[24m\x1B[22m',
  level: 'info',
  label: 'right meow!',
  timestamp: '2023-06-22T19:20:51.781Z'
}
{
  message: '\x1B[1m\x1B[32mserver app listening on port 5000\x1B[39m\x1B[22m',
  level: 'info',
  label: 'right meow!',
  timestamp: '2023-06-22T19:20:51.799Z'
}
{
  message: '\x1B[1m\x1B[4m\x1B[32mdb Connected successfully \x1B[39m\x1B[24m\x1B[22m',
  level: 'info',
  label: 'right meow!',
  timestamp: '2023-06-22T19:21:14.721Z'
}
{
  message: '\x1B[1m\x1B[32mserver app listening on port 5000\x1B[39m\x1B[22m',
  level: 'info',
  label: 'right meow!',
  timestamp: '2023-06-22T19:21:14.738Z'
}
{
  message: '\x1B[1m\x1B[4m\x1B[32mdb Connected successfully \x1B[39m\x1B[24m\x1B[22m',
  level: 'info',
  label: 'right meow!',
  timestamp: '2023-06-22T19:21:29.947Z'
}
{
  message: '\x1B[1m\x1B[32mserver app listening on port 5000\x1B[39m\x1B[22m',
  level: 'info',
  label: 'right meow!',
  timestamp: '2023-06-22T19:21:29.963Z'
}
{
  message: '\x1B[1m\x1B[4m\x1B[32mdb Connected successfully \x1B[39m\x1B[24m\x1B[22m',
  level: 'info',
  label: 'right meow!',
  timestamp: '2023-06-22T19:21:40.341Z'
}
{
  message: '\x1B[1m\x1B[32mserver app listening on port 5000\x1B[39m\x1B[22m',
  level: 'info',
  label: 'right meow!',
  timestamp: '2023-06-22T19:21:40.359Z'
}
{
  message: '\x1B[1m\x1B[4m\x1B[32mdb Connected successfully \x1B[39m\x1B[24m\x1B[22m',
  level: 'info',
  label: 'right meow!',
  timestamp: '2023-06-22T19:21:50.728Z'
}
{
  message: '\x1B[1m\x1B[32mserver app listening on port 5000\x1B[39m\x1B[22m',
  level: 'info',
  label: 'right meow!',
  timestamp: '2023-06-22T19:21:50.747Z'
}
{
  message: '\x1B[1m\x1B[4m\x1B[32mdb Connected successfully \x1B[39m\x1B[24m\x1B[22m',
  level: 'info',
  label: 'right meow!',
  timestamp: '2023-06-22T19:22:04.739Z'
}
{
  message: '\x1B[1m\x1B[32mserver app listening on port 5000\x1B[39m\x1B[22m',
  level: 'info',
  label: 'right meow!',
  timestamp: '2023-06-22T19:22:04.755Z'
}
{
  message: '\x1B[1m\x1B[4m\x1B[32mdb Connected successfully \x1B[39m\x1B[24m\x1B[22m',
  level: 'info',
  label: 'right meow!',
  timestamp: '2023-06-22T19:22:56.934Z'
}
{
  message: '\x1B[1m\x1B[32mserver app listening on port 5000\x1B[39m\x1B[22m',
  level: 'info',
  label: 'right meow!',
  timestamp: '2023-06-22T19:22:56.955Z'
}
{
  message: '\x1B[1m\x1B[4m\x1B[32mdb Connected successfully \x1B[39m\x1B[24m\x1B[22m',
  level: 'info',
  label: 'right meow!',
  timestamp: '2023-06-22T19:25:49.479Z'
}
{
  message: '\x1B[1m\x1B[32mserver app listening on port 5000\x1B[39m\x1B[22m',
  level: 'info',
  label: 'right meow!',
  timestamp: '2023-06-22T19:25:49.494Z'
}
{
  message: '\x1B[1m\x1B[4m\x1B[32mdb Connected successfully \x1B[39m\x1B[24m\x1B[22m',
  level: 'info',
  label: 'right meow!',
  timestamp: '2023-06-22T19:28:17.767Z'
}
{
  message: '\x1B[1m\x1B[32mserver app listening on port 5000\x1B[39m\x1B[22m',
  level: 'info',
  label: 'right meow!',
  timestamp: '2023-06-22T19:28:17.786Z'
}
{
  message: '\x1B[1m\x1B[4m\x1B[32mdb Connected successfully \x1B[39m\x1B[24m\x1B[22m',
  level: 'info',
  label: 'right meow!',
  timestamp: '2023-06-22T19:28:47.614Z'
}
{
  message: '\x1B[1m\x1B[32mserver app listening on port 5000\x1B[39m\x1B[22m',
  level: 'info',
  label: 'right meow!',
  timestamp: '2023-06-22T19:28:47.631Z'
}
{
  message: '\x1B[1m\x1B[4m\x1B[32mdb Connected successfully \x1B[39m\x1B[24m\x1B[22m',
  level: 'info',
  label: 'right meow!',
  timestamp: '2023-06-22T19:28:59.210Z'
}
{
  message: '\x1B[1m\x1B[32mserver app listening on port 5000\x1B[39m\x1B[22m',
  level: 'info',
  label: 'right meow!',
  timestamp: '2023-06-22T19:28:59.228Z'
}
{
  message: '\x1B[1m\x1B[4m\x1B[32mdb Connected successfully \x1B[39m\x1B[24m\x1B[22m',
  level: 'info',
  label: 'right meow!',
  timestamp: '2023-06-22T19:29:16.511Z'
}
{
  message: '\x1B[1m\x1B[32mserver app listening on port 5000\x1B[39m\x1B[22m',
  level: 'info',
  label: 'right meow!',
  timestamp: '2023-06-22T19:29:16.528Z'
}
{
  message: '\x1B[1m\x1B[4m\x1B[32mdb Connected successfully \x1B[39m\x1B[24m\x1B[22m',
  level: 'info',
  label: 'right meow!',
  timestamp: '2023-06-22T19:29:23.204Z'
}
{
  message: '\x1B[1m\x1B[32mserver app listening on port 5000\x1B[39m\x1B[22m',
  level: 'info',
  label: 'right meow!',
  timestamp: '2023-06-22T19:29:23.231Z'
}
{
  message: '\x1B[1m\x1B[4m\x1B[32mdb Connected successfully \x1B[39m\x1B[24m\x1B[22m',
  level: 'info',
  label: 'right meow!',
  timestamp: '2023-06-22T19:29:30.826Z'
}
{
  message: '\x1B[1m\x1B[32mserver app listening on port 5000\x1B[39m\x1B[22m',
  level: 'info',
  label: 'right meow!',
  timestamp: '2023-06-22T19:29:30.846Z'
}
{
  message: '\x1B[1m\x1B[4m\x1B[32mdb Connected successfully \x1B[39m\x1B[24m\x1B[22m',
  level: 'info',
  label: 'right meow!',
  timestamp: '2023-06-22T19:29:33.928Z'
}
{
  message: '\x1B[1m\x1B[32mserver app listening on port 5000\x1B[39m\x1B[22m',
  level: 'info',
  label: 'right meow!',
  timestamp: '2023-06-22T19:29:33.944Z'
}
{
  message: '\x1B[1m\x1B[4m\x1B[32mdb Connected successfully \x1B[39m\x1B[24m\x1B[22m',
  level: 'info',
  label: 'right meow!',
  timestamp: '2023-06-22T19:29:46.699Z'
}
{
  message: '\x1B[1m\x1B[32mserver app listening on port 5000\x1B[39m\x1B[22m',
  level: 'info',
  label: 'right meow!',
  timestamp: '2023-06-22T19:29:46.715Z'
}
{
  message: '\x1B[1m\x1B[4m\x1B[32mdb Connected successfully \x1B[39m\x1B[24m\x1B[22m',
  level: 'info',
  label: 'right meow!',
  timestamp: '2023-06-22T19:29:49.980Z'
}
{
  message: '\x1B[1m\x1B[32mserver app listening on port 5000\x1B[39m\x1B[22m',
  level: 'info',
  label: 'right meow!',
  timestamp: '2023-06-22T19:29:49.999Z'
}
{
  message: '\x1B[1m\x1B[4m\x1B[32mdb Connected successfully \x1B[39m\x1B[24m\x1B[22m',
  level: 'info',
  label: 'right meow!',
  timestamp: '2023-06-22T19:29:53.529Z'
}
{
  message: '\x1B[1m\x1B[32mserver app listening on port 5000\x1B[39m\x1B[22m',
  level: 'info',
  label: 'right meow!',
  timestamp: '2023-06-22T19:29:53.547Z'
}
{
  message: '\x1B[1m\x1B[4m\x1B[32mdb Connected successfully \x1B[39m\x1B[24m\x1B[22m',
  level: 'info',
  label: 'right meow!',
  timestamp: '2023-06-22T19:30:00.462Z'
}
{
  message: '\x1B[1m\x1B[32mserver app listening on port 5000\x1B[39m\x1B[22m',
  level: 'info',
  label: 'right meow!',
  timestamp: '2023-06-22T19:30:00.478Z'
}
{
  message: '\x1B[1m\x1B[4m\x1B[32mdb Connected successfully \x1B[39m\x1B[24m\x1B[22m',
  level: 'info',
  label: 'right meow!',
  timestamp: '2023-06-22T19:30:09.350Z'
}
{
  message: '\x1B[1m\x1B[32mserver app listening on port 5000\x1B[39m\x1B[22m',
  level: 'info',
  label: 'right meow!',
  timestamp: '2023-06-22T19:30:09.366Z'
}
{
  message: '\x1B[1m\x1B[4m\x1B[32mdb Connected successfully \x1B[39m\x1B[24m\x1B[22m',
  level: 'info',
  label: 'right meow!',
  timestamp: '2023-06-22T19:30:21.389Z'
}
{
  message: '\x1B[1m\x1B[32mserver app listening on port 5000\x1B[39m\x1B[22m',
  level: 'info',
  label: 'right meow!',
  timestamp: '2023-06-22T19:30:21.406Z'
}
{
  message: '\x1B[1m\x1B[4m\x1B[32mdb Connected successfully \x1B[39m\x1B[24m\x1B[22m',
  level: 'info',
  label: 'right meow!',
  timestamp: '2023-06-22T19:30:24.436Z'
}
{
  message: '\x1B[1m\x1B[32mserver app listening on port 5000\x1B[39m\x1B[22m',
  level: 'info',
  label: 'right meow!',
  timestamp: '2023-06-22T19:30:24.455Z'
}
{
  message: '\x1B[1m\x1B[4m\x1B[32mdb Connected successfully \x1B[39m\x1B[24m\x1B[22m',
  level: 'info',
  label: 'right meow!',
  timestamp: '2023-06-22T19:31:00.408Z'
}
{
  message: '\x1B[1m\x1B[32mserver app listening on port 5000\x1B[39m\x1B[22m',
  level: 'info',
  label: 'right meow!',
  timestamp: '2023-06-22T19:31:00.428Z'
}
{
  message: '\x1B[1m\x1B[4m\x1B[32mdb Connected successfully \x1B[39m\x1B[24m\x1B[22m',
  level: 'info',
  label: 'right meow!',
  timestamp: '2023-06-22T19:31:14.791Z'
}
{
  message: '\x1B[1m\x1B[32mserver app listening on port 5000\x1B[39m\x1B[22m',
  level: 'info',
  label: 'right meow!',
  timestamp: '2023-06-22T19:31:14.809Z'
}
{
  message: '\x1B[1m\x1B[4m\x1B[32mdb Connected successfully \x1B[39m\x1B[24m\x1B[22m',
  level: 'info',
  label: 'right meow!',
  timestamp: '2023-06-22T19:31:42.619Z'
}
{
  message: '\x1B[1m\x1B[32mserver app listening on port 5000\x1B[39m\x1B[22m',
  level: 'info',
  label: 'right meow!',
  timestamp: '2023-06-22T19:31:42.637Z'
}
{
  message: '\x1B[1m\x1B[4m\x1B[32mdb Connected successfully \x1B[39m\x1B[24m\x1B[22m',
  level: 'info',
  label: 'right meow!',
  timestamp: '2023-06-22T19:32:02.607Z'
}
{
  message: '\x1B[1m\x1B[32mserver app listening on port 5000\x1B[39m\x1B[22m',
  level: 'info',
  label: 'right meow!',
  timestamp: '2023-06-22T19:32:02.623Z'
}
{
  message: '\x1B[1m\x1B[4m\x1B[32mdb Connected successfully \x1B[39m\x1B[24m\x1B[22m',
  level: 'info',
  label: 'right meow!',
  timestamp: '2023-06-22T19:33:32.644Z'
}
{
  message: '\x1B[1m\x1B[32mserver app listening on port 5000\x1B[39m\x1B[22m',
  level: 'info',
  label: 'right meow!',
  timestamp: '2023-06-22T19:33:32.661Z'
}
